[2017-10-11 09:33:20.821] [INFO] default - fetching new access card requester details
[2017-10-11 09:41:30.335] [INFO] default - fetching new access card requester details
[2017-10-11 09:53:52.616] [INFO] default - getting employee data
[2017-10-11 10:20:12.625] [INFO] default - fetching new access card requester details
[2017-10-11 10:23:11.813] [INFO] default - fetching new access card requester details
[2017-10-11 10:23:26.700] [INFO] default - getting employee data
[2017-10-11 10:23:35.551] [INFO] default - getting employee data
[2017-10-11 10:23:39.779] [INFO] default - getting employee data
[2017-10-11 10:23:44.193] [INFO] default - getting employee data
[2017-10-11 10:23:47.668] [INFO] default - getting employee data
[2017-10-11 10:23:55.195] [INFO] default - getting employee data
[2017-10-11 10:23:58.675] [INFO] default - fetching new access card requester details
[2017-10-11 10:24:31.268] [INFO] default - fetching approver of the access card details
[2017-10-11 10:24:31.280] [INFO] default - fetching third party details
[2017-10-11 10:24:31.283] [INFO] default - fetching lost card details
[2017-10-11 10:24:31.302] [INFO] default - fetching location change details
[2017-10-11 10:24:31.304] [INFO] default - fetching new access card requester details
[2017-10-11 10:32:27.046] [INFO] default - fetching new access card requester details
[2017-10-11 10:32:33.687] [INFO] default - getting employee data
[2017-10-11 10:32:37.687] [INFO] default - getting employee data
[2017-10-11 10:32:43.876] [INFO] default - getting employee data
[2017-10-11 10:32:45.435] [INFO] default - getting employee data
[2017-10-11 10:32:51.159] [INFO] default - getting employee data
[2017-10-11 11:07:29.479] [INFO] default - fetching new access card requester details
[2017-10-11 11:08:18.333] [INFO] default - getting employee data
[2017-10-11 11:09:03.249] [INFO] default - fetching new access card requester details
[2017-10-11 11:09:12.399] [INFO] default - fetching approver of the access card details
[2017-10-11 11:09:12.410] [INFO] default - fetching third party details
[2017-10-11 11:09:12.412] [INFO] default - fetching lost card details
[2017-10-11 11:09:12.423] [INFO] default - fetching location change details
[2017-10-11 11:09:12.426] [INFO] default - fetching new access card requester details
[2017-10-11 11:10:40.671] [INFO] default - getting employee data
[2017-10-11 11:10:42.942] [INFO] default - fetching new access card requester details
[2017-10-11 11:10:43.281] [INFO] default - inserting new access card requester details
[2017-10-11 11:10:51.038] [INFO] default - fetching approver of the access card details
[2017-10-11 11:10:51.040] [INFO] default - fetching lost card details
[2017-10-11 11:10:51.054] [INFO] default - fetching third party details
[2017-10-11 11:10:51.056] [INFO] default - fetching location change details
[2017-10-11 11:10:51.059] [INFO] default - fetching new access card requester details
[2017-10-11 11:11:22.488] [INFO] default - fetching approver of the access card details
[2017-10-11 11:11:22.489] [INFO] default - fetching lost card details
[2017-10-11 11:11:22.490] [INFO] default - fetching third party details
[2017-10-11 11:11:22.498] [INFO] default - fetching location change details
[2017-10-11 11:11:22.501] [INFO] default - fetching new access card requester details
[2017-10-11 11:16:02.049] [INFO] default - getting employee data
[2017-10-11 11:16:07.640] [INFO] default - fetching new access card requester details
[2017-10-11 11:16:07.648] [INFO] default - inserting new access card requester details
[2017-10-11 11:16:24.464] [INFO] default - fetching approver of the access card details
[2017-10-11 11:16:24.475] [INFO] default - fetching lost card details
[2017-10-11 11:16:24.476] [INFO] default - fetching third party details
[2017-10-11 11:16:24.482] [INFO] default - fetching location change details
[2017-10-11 11:16:24.483] [INFO] default - fetching new access card requester details
[2017-10-11 11:24:41.740] [INFO] default - fetching new access card requester details
[2017-10-11 11:25:14.485] [INFO] default - getting employee data
[2017-10-11 11:26:20.159] [INFO] default - fetching new access card requester details
[2017-10-11 11:26:20.170] [INFO] default - inserting new access card requester details
[2017-10-11 11:26:27.823] [INFO] default - fetching approver of the access card details
[2017-10-11 11:26:27.836] [INFO] default - fetching lost card details
[2017-10-11 11:26:27.839] [INFO] default - fetching third party details
[2017-10-11 11:26:27.846] [INFO] default - fetching new access card requester details
[2017-10-11 11:26:27.847] [INFO] default - fetching location change details
[2017-10-11 11:28:28.076] [INFO] default - fetching approver of the access card details
[2017-10-11 11:28:28.085] [INFO] default - fetching lost card details
[2017-10-11 11:28:28.093] [INFO] default - fetching third party details
[2017-10-11 11:28:28.094] [INFO] default - fetching location change details
[2017-10-11 11:28:28.095] [INFO] default - fetching new access card requester details
[2017-10-11 11:28:29.383] [INFO] default - fetching approver of the access card details
[2017-10-11 11:28:29.392] [INFO] default - fetching lost card details
[2017-10-11 11:28:29.394] [INFO] default - fetching third party details
[2017-10-11 11:28:29.396] [INFO] default - fetching location change details
[2017-10-11 11:28:29.399] [INFO] default - fetching new access card requester details
[2017-10-11 11:36:27.477] [INFO] default - fetching new access card requester details
[2017-10-11 11:37:14.712] [INFO] default - getting employee data
[2017-10-11 11:37:27.918] [INFO] default - fetching new access card requester details
[2017-10-11 11:37:27.935] [INFO] default - inserting new access card requester details
[2017-10-11 11:37:50.848] [INFO] default - fetching approver of the access card details
[2017-10-11 11:37:50.850] [INFO] default - fetching lost card details
[2017-10-11 11:37:50.868] [INFO] default - fetching third party details
[2017-10-11 11:37:50.869] [INFO] default - fetching location change details
[2017-10-11 11:37:50.870] [INFO] default - fetching new access card requester details
[2017-10-11 13:11:03.092] [INFO] default - fetching new access card requester details
[2017-10-11 13:11:12.529] [INFO] default - getting employee data
[2017-10-11 13:11:17.794] [INFO] default - fetching new access card requester details
[2017-10-11 13:11:17.801] [INFO] default - inserting new access card requester details
[2017-10-11 13:11:26.588] [INFO] default - fetching approver of the access card details
[2017-10-11 13:11:26.591] [INFO] default - fetching third party details
[2017-10-11 13:11:26.592] [INFO] default - fetching lost card details
[2017-10-11 13:11:26.599] [INFO] default - fetching location change details
[2017-10-11 13:11:26.602] [INFO] default - fetching new access card requester details
[2017-10-11 13:13:51.582] [INFO] default - fetching approver of the access card details
[2017-10-11 13:13:51.593] [INFO] default - fetching lost card details
[2017-10-11 13:13:51.608] [INFO] default - fetching third party details
[2017-10-11 13:13:51.610] [INFO] default - fetching location change details
[2017-10-11 13:13:51.612] [INFO] default - fetching new access card requester details
[2017-10-11 13:13:53.643] [INFO] default - fetching approver of the access card details
[2017-10-11 13:13:53.655] [INFO] default - fetching lost card details
[2017-10-11 13:13:53.656] [INFO] default - fetching third party details
[2017-10-11 13:13:53.663] [INFO] default - fetching location change details
[2017-10-11 13:13:53.664] [INFO] default - fetching new access card requester details
[2017-10-11 13:13:53.967] [INFO] default - fetching approver of the access card details
[2017-10-11 13:13:53.977] [INFO] default - fetching location change details
[2017-10-11 13:13:53.980] [INFO] default - fetching lost card details
[2017-10-11 13:13:53.981] [INFO] default - fetching third party details
[2017-10-11 13:13:53.983] [INFO] default - fetching new access card requester details
[2017-10-11 13:13:54.819] [INFO] default - fetching approver of the access card details
[2017-10-11 13:13:54.829] [INFO] default - fetching lost card details
[2017-10-11 13:13:54.830] [INFO] default - fetching third party details
[2017-10-11 13:13:54.837] [INFO] default - fetching new access card requester details
[2017-10-11 13:13:54.838] [INFO] default - fetching location change details
[2017-10-11 13:13:55.399] [INFO] default - fetching approver of the access card details
[2017-10-11 13:13:55.409] [INFO] default - fetching lost card details
[2017-10-11 13:13:55.410] [INFO] default - fetching third party details
[2017-10-11 13:13:55.415] [INFO] default - fetching location change details
[2017-10-11 13:13:55.416] [INFO] default - fetching new access card requester details
[2017-10-11 13:15:48.645] [INFO] default - fetching new access card requester details
[2017-10-11 13:16:22.417] [INFO] default - getting employee data
[2017-10-11 13:16:28.577] [INFO] default - fetching new access card requester details
[2017-10-11 13:16:28.595] [INFO] default - inserting new access card requester details
[2017-10-11 13:16:56.176] [INFO] default - fetching approver of the access card details
[2017-10-11 13:16:56.181] [INFO] default - fetching lost card details
[2017-10-11 13:16:56.197] [INFO] default - fetching third party details
[2017-10-11 13:16:56.198] [INFO] default - fetching location change details
[2017-10-11 13:16:56.199] [INFO] default - fetching new access card requester details
[2017-10-11 13:18:43.959] [INFO] default - fetching approver of the access card details
[2017-10-11 13:18:43.962] [INFO] default - fetching lost card details
[2017-10-11 13:18:43.963] [INFO] default - fetching third party details
[2017-10-11 13:18:43.965] [INFO] default - fetching location change details
[2017-10-11 13:18:43.972] [INFO] default - fetching new access card requester details
[2017-10-11 13:19:10.040] [INFO] default - fetching new access card requester details
[2017-10-11 13:19:16.677] [INFO] default - fetching approver of the access card details
[2017-10-11 13:19:16.689] [INFO] default - fetching lost card details
[2017-10-11 13:19:16.690] [INFO] default - fetching third party details
[2017-10-11 13:19:16.698] [INFO] default - fetching location change details
[2017-10-11 13:19:16.703] [INFO] default - fetching new access card requester details
[2017-10-11 13:20:57.864] [INFO] default - fetching approver of the access card details
[2017-10-11 13:20:57.888] [INFO] default - fetching lost card details
[2017-10-11 13:20:57.888] [INFO] default - fetching third party details
[2017-10-11 13:20:57.892] [INFO] default - fetching location change details
[2017-10-11 13:20:57.897] [INFO] default - fetching new access card requester details
[2017-10-11 13:21:32.627] [INFO] default - fetching approver of the access card details
[2017-10-11 13:21:32.632] [INFO] default - fetching lost card details
[2017-10-11 13:21:32.634] [INFO] default - fetching third party details
[2017-10-11 13:21:32.642] [INFO] default - fetching location change details
[2017-10-11 13:21:32.647] [INFO] default - fetching new access card requester details
[2017-10-11 13:22:52.065] [INFO] default - fetching approver of the access card details
[2017-10-11 13:22:52.071] [INFO] default - fetching lost card details
[2017-10-11 13:22:52.071] [INFO] default - fetching third party details
[2017-10-11 13:22:52.073] [INFO] default - fetching location change details
[2017-10-11 13:22:52.077] [INFO] default - fetching new access card requester details
[2017-10-11 13:22:52.471] [INFO] default - fetching approver of the access card details
[2017-10-11 13:22:52.484] [INFO] default - fetching lost card details
[2017-10-11 13:22:52.484] [INFO] default - fetching third party details
[2017-10-11 13:22:52.485] [INFO] default - fetching location change details
[2017-10-11 13:22:52.488] [INFO] default - fetching new access card requester details
[2017-10-11 13:22:52.990] [INFO] default - fetching approver of the access card details
[2017-10-11 13:22:52.998] [INFO] default - fetching lost card details
[2017-10-11 13:22:53.015] [INFO] default - fetching third party details
[2017-10-11 13:22:53.016] [INFO] default - fetching location change details
[2017-10-11 13:22:53.017] [INFO] default - fetching new access card requester details
[2017-10-11 13:23:28.544] [INFO] default - fetching approver of the access card details
[2017-10-11 13:23:28.557] [INFO] default - fetching lost card details
[2017-10-11 13:23:28.558] [INFO] default - fetching third party details
[2017-10-11 13:23:28.567] [INFO] default - fetching new access card requester details
[2017-10-11 13:23:28.567] [INFO] default - fetching location change details
[2017-10-11 13:23:44.731] [INFO] default - fetching new access card requester details
[2017-10-11 13:23:52.364] [INFO] default - getting employee data
[2017-10-11 13:23:56.095] [INFO] default - fetching new access card requester details
[2017-10-11 13:23:56.441] [INFO] default - inserting new access card requester details
[2017-10-11 13:24:11.143] [INFO] default - fetching approver of the access card details
[2017-10-11 13:24:11.145] [INFO] default - fetching lost card details
[2017-10-11 13:24:11.146] [INFO] default - fetching third party details
[2017-10-11 13:24:11.154] [INFO] default - fetching new access card requester details
[2017-10-11 13:24:11.161] [INFO] default - fetching location change details
[2017-10-11 13:24:14.677] [INFO] default - fetching new access card employeeID details
[2017-10-11 13:24:53.111] [INFO] default - fetching new access card employeeID details
[2017-10-11 13:25:21.640] [INFO] default - fetching new access card requester details
[2017-10-11 13:25:35.503] [INFO] default - fetching approver of the access card details
[2017-10-11 13:25:35.509] [INFO] default - fetching lost card details
[2017-10-11 13:25:35.519] [INFO] default - fetching third party details
[2017-10-11 13:25:35.520] [INFO] default - fetching location change details
[2017-10-11 13:25:35.522] [INFO] default - fetching new access card requester details
[2017-10-11 13:25:40.161] [INFO] default - fetching new access card employeeID details
[2017-10-11 13:25:54.907] [INFO] default - fetching approver of the access card details
[2017-10-11 13:25:54.909] [INFO] default - fetching lost card details
[2017-10-11 13:25:54.914] [INFO] default - fetching third party details
[2017-10-11 13:25:54.921] [INFO] default - fetching location change details
[2017-10-11 13:25:54.922] [INFO] default - fetching new access card requester details
[2017-10-11 13:27:26.440] [INFO] default - fetching approver of the access card details
[2017-10-11 13:27:26.445] [INFO] default - fetching lost card details
[2017-10-11 13:27:26.452] [INFO] default - fetching third party details
[2017-10-11 13:27:26.453] [INFO] default - fetching location change details
[2017-10-11 13:27:26.456] [INFO] default - fetching new access card requester details
[2017-10-11 13:27:29.390] [INFO] default - fetching new access card employeeID details
[2017-10-11 13:28:48.588] [INFO] default - fetching approver of the access card details
[2017-10-11 13:28:48.594] [INFO] default - fetching lost card details
[2017-10-11 13:28:48.595] [INFO] default - fetching third party details
[2017-10-11 13:28:48.601] [INFO] default - fetching location change details
[2017-10-11 13:28:48.603] [INFO] default - fetching new access card requester details
[2017-10-11 13:28:52.285] [INFO] default - fetching new access card employeeID details
[2017-10-11 13:29:13.750] [INFO] default - fetching approver of the access card details
[2017-10-11 13:29:13.755] [INFO] default - fetching third party details
[2017-10-11 13:29:13.756] [INFO] default - fetching lost card details
[2017-10-11 13:29:13.760] [INFO] default - fetching location change details
[2017-10-11 13:29:13.762] [INFO] default - fetching new access card requester details
[2017-10-11 13:29:17.593] [INFO] default - fetching new access card employeeID details
[2017-10-11 13:29:37.563] [INFO] default - fetching new access card requester details
[2017-10-11 13:29:43.020] [INFO] default - getting employee data
[2017-10-11 13:31:21.880] [INFO] default - getting employee data
[2017-10-11 13:31:33.159] [INFO] default - fetching new access card requester details
[2017-10-11 13:31:33.250] [INFO] default - inserting lost card details
[2017-10-11 13:31:42.908] [INFO] default - fetching approver of the access card details
[2017-10-11 13:31:42.911] [INFO] default - fetching lost card details
[2017-10-11 13:31:42.926] [INFO] default - fetching third party details
[2017-10-11 13:31:42.928] [INFO] default - fetching location change details
[2017-10-11 13:31:42.929] [INFO] default - fetching new access card requester details
[2017-10-11 13:40:37.619] [INFO] default - fetching new access card requester details
[2017-10-11 13:40:43.911] [INFO] default - getting employee data
[2017-10-11 13:44:29.277] [INFO] default - fetching new access card requester details
