[2017-10-11 09:33:20.821] [INFO] default - fetching new access card requester details
[2017-10-11 09:41:30.335] [INFO] default - fetching new access card requester details
[2017-10-11 09:53:52.616] [INFO] default - getting employee data
[2017-10-11 10:20:12.625] [INFO] default - fetching new access card requester details
[2017-10-11 10:23:11.813] [INFO] default - fetching new access card requester details
[2017-10-11 10:23:26.700] [INFO] default - getting employee data
[2017-10-11 10:23:35.551] [INFO] default - getting employee data
[2017-10-11 10:23:39.779] [INFO] default - getting employee data
[2017-10-11 10:23:44.193] [INFO] default - getting employee data
[2017-10-11 10:23:47.668] [INFO] default - getting employee data
[2017-10-11 10:23:55.195] [INFO] default - getting employee data
[2017-10-11 10:23:58.675] [INFO] default - fetching new access card requester details
[2017-10-11 10:24:31.268] [INFO] default - fetching approver of the access card details
[2017-10-11 10:24:31.280] [INFO] default - fetching third party details
[2017-10-11 10:24:31.283] [INFO] default - fetching lost card details
[2017-10-11 10:24:31.302] [INFO] default - fetching location change details
[2017-10-11 10:24:31.304] [INFO] default - fetching new access card requester details
[2017-10-11 10:32:27.046] [INFO] default - fetching new access card requester details
[2017-10-11 10:32:33.687] [INFO] default - getting employee data
[2017-10-11 10:32:37.687] [INFO] default - getting employee data
[2017-10-11 10:32:43.876] [INFO] default - getting employee data
[2017-10-11 10:32:45.435] [INFO] default - getting employee data
[2017-10-11 10:32:51.159] [INFO] default - getting employee data
